This is pdfTeX, Version 3.141592653-2.6-1.40.25 (TeX Live 2023/nixos.org) (preloaded format=pdflatex 1980.1.1)  24 MAR 2024 19:12
entering extended mode
 restricted \write18 enabled.
 %&-line parsing enabled.
**tz.tex
(./tz.tex
LaTeX2e <2023-11-01>
L3 programming layer <2024-01-04>
(../TechDoc.cls

LaTeX Warning: You have requested document class `../TechDoc',
               but the document class provides `TechDoc'.

Document Class: TechDoc 

(/nix/store/nz50fza8gfq92ciby0ckc599rah1142m-texlive-2023-env-texmfdist/tex/lat
ex/base/article.cls
Document Class: article 2023/05/17 v1.4n Standard LaTeX document class

(/nix/store/nz50fza8gfq92ciby0ckc599rah1142m-texlive-2023-env-texmfdist/tex/lat
ex/base/size12.clo
File: size12.clo 2023/05/17 v1.4n Standard LaTeX file (size option)
)
\c@part=\count187
\c@section=\count188
\c@subsection=\count189
\c@subsubsection=\count190
\c@paragraph=\count191
\c@subparagraph=\count192
\c@figure=\count193
\c@table=\count194
\abovecaptionskip=\skip48
\belowcaptionskip=\skip49
\bibindent=\dimen140
)
(/nix/store/nz50fza8gfq92ciby0ckc599rah1142m-texlive-2023-env-texmfdist/tex/lat
ex/geometry/geometry.sty
Package: geometry 2020/01/02 v5.9 Page Geometry

(/nix/store/nz50fza8gfq92ciby0ckc599rah1142m-texlive-2023-env-texmfdist/tex/lat
ex/graphics/keyval.sty
Package: keyval 2022/05/29 v1.15 key=value parser (DPC)
\KV@toks@=\toks17
)
(/nix/store/nz50fza8gfq92ciby0ckc599rah1142m-texlive-2023-env-texmfdist/tex/gen
eric/iftex/ifvtex.sty
Package: ifvtex 2019/10/25 v1.7 ifvtex legacy package. Use iftex instead.

(/nix/store/nz50fza8gfq92ciby0ckc599rah1142m-texlive-2023-env-texmfdist/tex/gen
eric/iftex/iftex.sty
Package: iftex 2022/02/03 v1.0f TeX engine tests
))
\Gm@cnth=\count195
\Gm@cntv=\count196
\c@Gm@tempcnt=\count197
\Gm@bindingoffset=\dimen141
\Gm@wd@mp=\dimen142
\Gm@odd@mp=\dimen143
\Gm@even@mp=\dimen144
\Gm@layoutwidth=\dimen145
\Gm@layoutheight=\dimen146
\Gm@layouthoffset=\dimen147
\Gm@layoutvoffset=\dimen148
\Gm@dimlist=\toks18
)
(/nix/store/nz50fza8gfq92ciby0ckc599rah1142m-texlive-2023-env-texmfdist/tex/lat
ex/listings/listings.sty
\lst@mode=\count198
\lst@gtempboxa=\box51
\lst@token=\toks19
\lst@length=\count199
\lst@currlwidth=\dimen149
\lst@column=\count266
\lst@pos=\count267
\lst@lostspace=\dimen150
\lst@width=\dimen151
\lst@newlines=\count268
\lst@lineno=\count269
\lst@maxwidth=\dimen152

(/nix/store/nz50fza8gfq92ciby0ckc599rah1142m-texlive-2023-env-texmfdist/tex/lat
ex/listings/lstmisc.sty
File: lstmisc.sty 2023/02/27 1.9 (Carsten Heinz)
\c@lstnumber=\count270
\lst@skipnumbers=\count271
\lst@framebox=\box52
)
(/nix/store/nz50fza8gfq92ciby0ckc599rah1142m-texlive-2023-env-texmfdist/tex/lat
ex/listings/listings.cfg
File: listings.cfg 2023/02/27 1.9 listings configuration
))
Package: listings 2023/02/27 1.9 (Carsten Heinz)

(/nix/store/nz50fza8gfq92ciby0ckc599rah1142m-texlive-2023-env-texmfdist/tex/lat
ex/fancyhdr/fancyhdr.sty
Package: fancyhdr 2022/11/09 v4.1 Extensive control of page headers and footers

\f@nch@headwidth=\skip50
\f@nch@O@elh=\skip51
\f@nch@O@erh=\skip52
\f@nch@O@olh=\skip53
\f@nch@O@orh=\skip54
\f@nch@O@elf=\skip55
\f@nch@O@erf=\skip56
\f@nch@O@olf=\skip57
\f@nch@O@orf=\skip58
)
(/nix/store/nz50fza8gfq92ciby0ckc599rah1142m-texlive-2023-env-texmfdist/tex/lat
ex/setspace/setspace.sty
Package: setspace 2022/12/04 v6.7b set line spacing
)
(/nix/store/nz50fza8gfq92ciby0ckc599rah1142m-texlive-2023-env-texmfdist/tex/lat
ex/titlesec/titlesec.sty
Package: titlesec 2023/10/27 v2.16 Sectioning titles
\ttl@box=\box53
\beforetitleunit=\skip59
\aftertitleunit=\skip60
\ttl@plus=\dimen153
\ttl@minus=\dimen154
\ttl@toksa=\toks20
\titlewidth=\dimen155
\titlewidthlast=\dimen156
\titlewidthfirst=\dimen157
)
(/nix/store/nz50fza8gfq92ciby0ckc599rah1142m-texlive-2023-env-texmfdist/tex/lat
ex/graphics/graphicx.sty
Package: graphicx 2021/09/16 v1.2d Enhanced LaTeX Graphics (DPC,SPQR)

(/nix/store/nz50fza8gfq92ciby0ckc599rah1142m-texlive-2023-env-texmfdist/tex/lat
ex/graphics/graphics.sty
Package: graphics 2022/03/10 v1.4e Standard LaTeX Graphics (DPC,SPQR)

(/nix/store/nz50fza8gfq92ciby0ckc599rah1142m-texlive-2023-env-texmfdist/tex/lat
ex/graphics/trig.sty
Package: trig 2021/08/11 v1.11 sin cos tan (DPC)
)
(/nix/store/nz50fza8gfq92ciby0ckc599rah1142m-texlive-2023-env-texmfdist/tex/lat
ex/graphics-cfg/graphics.cfg
File: graphics.cfg 2016/06/04 v1.11 sample graphics configuration
)
Package graphics Info: Driver file: pdftex.def on input line 107.

(/nix/store/nz50fza8gfq92ciby0ckc599rah1142m-texlive-2023-env-texmfdist/tex/lat
ex/graphics-def/pdftex.def
File: pdftex.def 2022/09/22 v1.2b Graphics/color driver for pdftex
))
\Gin@req@height=\dimen158
\Gin@req@width=\dimen159
)
(/nix/store/nz50fza8gfq92ciby0ckc599rah1142m-texlive-2023-env-texmfdist/tex/lat
ex/base/fontenc.sty
Package: fontenc 2021/04/29 v2.0v Standard LaTeX package

(/nix/store/nz50fza8gfq92ciby0ckc599rah1142m-texlive-2023-env-texmfdist/tex/lat
ex/cyrillic/t2aenc.def
File: t2aenc.def 2022/06/11 v1.0j Cyrillic encoding definition file
Now handling font encoding T2A ...
... processing UTF-8 mapping file for font encoding T2A

(/nix/store/nz50fza8gfq92ciby0ckc599rah1142m-texlive-2023-env-texmfdist/tex/lat
ex/base/t2aenc.dfu
File: t2aenc.dfu 2022/06/07 v1.3c UTF-8 support
   defining Unicode char U+00A4 (decimal 164)
   defining Unicode char U+00A7 (decimal 167)
   defining Unicode char U+00AB (decimal 171)
   defining Unicode char U+00BB (decimal 187)
   defining Unicode char U+0131 (decimal 305)
   defining Unicode char U+0237 (decimal 567)
   defining Unicode char U+0400 (decimal 1024)
   defining Unicode char U+0401 (decimal 1025)
   defining Unicode char U+0402 (decimal 1026)
   defining Unicode char U+0403 (decimal 1027)
   defining Unicode char U+0404 (decimal 1028)
   defining Unicode char U+0405 (decimal 1029)
   defining Unicode char U+0406 (decimal 1030)
   defining Unicode char U+0407 (decimal 1031)
   defining Unicode char U+0408 (decimal 1032)
   defining Unicode char U+0409 (decimal 1033)
   defining Unicode char U+040A (decimal 1034)
   defining Unicode char U+040B (decimal 1035)
   defining Unicode char U+040C (decimal 1036)
   defining Unicode char U+040D (decimal 1037)
   defining Unicode char U+040E (decimal 1038)
   defining Unicode char U+040F (decimal 1039)
   defining Unicode char U+0410 (decimal 1040)
   defining Unicode char U+0411 (decimal 1041)
   defining Unicode char U+0412 (decimal 1042)
   defining Unicode char U+0413 (decimal 1043)
   defining Unicode char U+0414 (decimal 1044)
   defining Unicode char U+0415 (decimal 1045)
   defining Unicode char U+0416 (decimal 1046)
   defining Unicode char U+0417 (decimal 1047)
   defining Unicode char U+0418 (decimal 1048)
   defining Unicode char U+0419 (decimal 1049)
   defining Unicode char U+041A (decimal 1050)
   defining Unicode char U+041B (decimal 1051)
   defining Unicode char U+041C (decimal 1052)
   defining Unicode char U+041D (decimal 1053)
   defining Unicode char U+041E (decimal 1054)
   defining Unicode char U+041F (decimal 1055)
   defining Unicode char U+0420 (decimal 1056)
   defining Unicode char U+0421 (decimal 1057)
   defining Unicode char U+0422 (decimal 1058)
   defining Unicode char U+0423 (decimal 1059)
   defining Unicode char U+0424 (decimal 1060)
   defining Unicode char U+0425 (decimal 1061)
   defining Unicode char U+0426 (decimal 1062)
   defining Unicode char U+0427 (decimal 1063)
   defining Unicode char U+0428 (decimal 1064)
   defining Unicode char U+0429 (decimal 1065)
   defining Unicode char U+042A (decimal 1066)
   defining Unicode char U+042B (decimal 1067)
   defining Unicode char U+042C (decimal 1068)
   defining Unicode char U+042D (decimal 1069)
   defining Unicode char U+042E (decimal 1070)
   defining Unicode char U+042F (decimal 1071)
   defining Unicode char U+0430 (decimal 1072)
   defining Unicode char U+0431 (decimal 1073)
   defining Unicode char U+0432 (decimal 1074)
   defining Unicode char U+0433 (decimal 1075)
   defining Unicode char U+0434 (decimal 1076)
   defining Unicode char U+0435 (decimal 1077)
   defining Unicode char U+0436 (decimal 1078)
   defining Unicode char U+0437 (decimal 1079)
   defining Unicode char U+0438 (decimal 1080)
   defining Unicode char U+0439 (decimal 1081)
   defining Unicode char U+043A (decimal 1082)
   defining Unicode char U+043B (decimal 1083)
   defining Unicode char U+043C (decimal 1084)
   defining Unicode char U+043D (decimal 1085)
   defining Unicode char U+043E (decimal 1086)
   defining Unicode char U+043F (decimal 1087)
   defining Unicode char U+0440 (decimal 1088)
   defining Unicode char U+0441 (decimal 1089)
   defining Unicode char U+0442 (decimal 1090)
   defining Unicode char U+0443 (decimal 1091)
   defining Unicode char U+0444 (decimal 1092)
   defining Unicode char U+0445 (decimal 1093)
   defining Unicode char U+0446 (decimal 1094)
   defining Unicode char U+0447 (decimal 1095)
   defining Unicode char U+0448 (decimal 1096)
   defining Unicode char U+0449 (decimal 1097)
   defining Unicode char U+044A (decimal 1098)
   defining Unicode char U+044B (decimal 1099)
   defining Unicode char U+044C (decimal 1100)
   defining Unicode char U+044D (decimal 1101)
   defining Unicode char U+044E (decimal 1102)
   defining Unicode char U+044F (decimal 1103)
   defining Unicode char U+0450 (decimal 1104)
   defining Unicode char U+0451 (decimal 1105)
   defining Unicode char U+0452 (decimal 1106)
   defining Unicode char U+0453 (decimal 1107)
   defining Unicode char U+0454 (decimal 1108)
   defining Unicode char U+0455 (decimal 1109)
   defining Unicode char U+0456 (decimal 1110)
   defining Unicode char U+0457 (decimal 1111)
   defining Unicode char U+0458 (decimal 1112)
   defining Unicode char U+0459 (decimal 1113)
   defining Unicode char U+045A (decimal 1114)
   defining Unicode char U+045B (decimal 1115)
   defining Unicode char U+045C (decimal 1116)
   defining Unicode char U+045D (decimal 1117)
   defining Unicode char U+045E (decimal 1118)
   defining Unicode char U+045F (decimal 1119)
   defining Unicode char U+0490 (decimal 1168)
   defining Unicode char U+0491 (decimal 1169)
   defining Unicode char U+0492 (decimal 1170)
   defining Unicode char U+0493 (decimal 1171)
   defining Unicode char U+0496 (decimal 1174)
   defining Unicode char U+0497 (decimal 1175)
   defining Unicode char U+0498 (decimal 1176)
   defining Unicode char U+0499 (decimal 1177)
   defining Unicode char U+049A (decimal 1178)
   defining Unicode char U+049B (decimal 1179)
   defining Unicode char U+049C (decimal 1180)
   defining Unicode char U+049D (decimal 1181)
   defining Unicode char U+04A0 (decimal 1184)
   defining Unicode char U+04A1 (decimal 1185)
   defining Unicode char U+04A2 (decimal 1186)
   defining Unicode char U+04A3 (decimal 1187)
   defining Unicode char U+04A4 (decimal 1188)
   defining Unicode char U+04A5 (decimal 1189)
   defining Unicode char U+04AA (decimal 1194)
   defining Unicode char U+04AB (decimal 1195)
   defining Unicode char U+04AE (decimal 1198)
   defining Unicode char U+04AF (decimal 1199)
   defining Unicode char U+04B0 (decimal 1200)
   defining Unicode char U+04B1 (decimal 1201)
   defining Unicode char U+04B2 (decimal 1202)
   defining Unicode char U+04B3 (decimal 1203)
   defining Unicode char U+04B6 (decimal 1206)
   defining Unicode char U+04B7 (decimal 1207)
   defining Unicode char U+04B8 (decimal 1208)
   defining Unicode char U+04B9 (decimal 1209)
   defining Unicode char U+04BA (decimal 1210)
   defining Unicode char U+04BB (decimal 1211)
   defining Unicode char U+04C0 (decimal 1216)
   defining Unicode char U+04C1 (decimal 1217)
   defining Unicode char U+04C2 (decimal 1218)
   defining Unicode char U+04D0 (decimal 1232)
   defining Unicode char U+04D1 (decimal 1233)
   defining Unicode char U+04D2 (decimal 1234)
   defining Unicode char U+04D3 (decimal 1235)
   defining Unicode char U+04D4 (decimal 1236)
   defining Unicode char U+04D5 (decimal 1237)
   defining Unicode char U+04D6 (decimal 1238)
   defining Unicode char U+04D7 (decimal 1239)
   defining Unicode char U+04D8 (decimal 1240)
   defining Unicode char U+04D9 (decimal 1241)
   defining Unicode char U+04DA (decimal 1242)
   defining Unicode char U+04DB (decimal 1243)
   defining Unicode char U+04DC (decimal 1244)
   defining Unicode char U+04DD (decimal 1245)
   defining Unicode char U+04DE (decimal 1246)
   defining Unicode char U+04DF (decimal 1247)
   defining Unicode char U+04E2 (decimal 1250)
   defining Unicode char U+04E3 (decimal 1251)
   defining Unicode char U+04E4 (decimal 1252)
   defining Unicode char U+04E5 (decimal 1253)
   defining Unicode char U+04E6 (decimal 1254)
   defining Unicode char U+04E7 (decimal 1255)
   defining Unicode char U+04E8 (decimal 1256)
   defining Unicode char U+04E9 (decimal 1257)
   defining Unicode char U+04EC (decimal 1260)
   defining Unicode char U+04ED (decimal 1261)
   defining Unicode char U+04EE (decimal 1262)
   defining Unicode char U+04EF (decimal 1263)
   defining Unicode char U+04F0 (decimal 1264)
   defining Unicode char U+04F1 (decimal 1265)
   defining Unicode char U+04F2 (decimal 1266)
   defining Unicode char U+04F3 (decimal 1267)
   defining Unicode char U+04F4 (decimal 1268)
   defining Unicode char U+04F5 (decimal 1269)
   defining Unicode char U+04F8 (decimal 1272)
   defining Unicode char U+04F9 (decimal 1273)
   defining Unicode char U+200C (decimal 8204)
   defining Unicode char U+2013 (decimal 8211)
   defining Unicode char U+2014 (decimal 8212)
   defining Unicode char U+2018 (decimal 8216)
   defining Unicode char U+2019 (decimal 8217)
   defining Unicode char U+201C (decimal 8220)
   defining Unicode char U+201D (decimal 8221)
   defining Unicode char U+201E (decimal 8222)
   defining Unicode char U+2030 (decimal 8240)
   defining Unicode char U+2031 (decimal 8241)
   defining Unicode char U+2116 (decimal 8470)
   defining Unicode char U+2329 (decimal 9001)
   defining Unicode char U+3008 (decimal 12296)
   defining Unicode char U+232A (decimal 9002)
   defining Unicode char U+3009 (decimal 12297)
   defining Unicode char U+2423 (decimal 9251)
   defining Unicode char U+27E8 (decimal 10216)
   defining Unicode char U+27E9 (decimal 10217)
   defining Unicode char U+FB00 (decimal 64256)
   defining Unicode char U+FB01 (decimal 64257)
   defining Unicode char U+FB02 (decimal 64258)
   defining Unicode char U+FB03 (decimal 64259)
   defining Unicode char U+FB04 (decimal 64260)
   defining Unicode char U+FB05 (decimal 64261)
   defining Unicode char U+FB06 (decimal 64262)
))
LaTeX Font Info:    Trying to load font information for T2A+cmr on input line 1
12.

(/nix/store/nz50fza8gfq92ciby0ckc599rah1142m-texlive-2023-env-texmfdist/tex/lat
ex/cyrillic/t2acmr.fd
File: t2acmr.fd 2001/08/11 v1.0a Computer Modern Cyrillic font definitions
))
(/nix/store/nz50fza8gfq92ciby0ckc599rah1142m-texlive-2023-env-texmfdist/tex/lat
ex/base/inputenc.sty
Package: inputenc 2021/02/14 v1.3d Input encoding file
\inpenc@prehook=\toks21
\inpenc@posthook=\toks22
)
(/nix/store/nz50fza8gfq92ciby0ckc599rah1142m-texlive-2023-env-texmfdist/tex/lat
ex/hyperref/hyperref.sty
Package: hyperref 2023-11-26 v7.01g Hypertext links for LaTeX

(/nix/store/nz50fza8gfq92ciby0ckc599rah1142m-texlive-2023-env-texmfdist/tex/gen
eric/infwarerr/infwarerr.sty
Package: infwarerr 2019/12/03 v1.5 Providing info/warning/error messages (HO)
)
(/nix/store/nz50fza8gfq92ciby0ckc599rah1142m-texlive-2023-env-texmfdist/tex/lat
ex/kvsetkeys/kvsetkeys.sty
Package: kvsetkeys 2022-10-05 v1.19 Key value parser (HO)
)
(/nix/store/nz50fza8gfq92ciby0ckc599rah1142m-texlive-2023-env-texmfdist/tex/gen
eric/kvdefinekeys/kvdefinekeys.sty
Package: kvdefinekeys 2019-12-19 v1.6 Define keys (HO)
)
(/nix/store/nz50fza8gfq92ciby0ckc599rah1142m-texlive-2023-env-texmfdist/tex/gen
eric/pdfescape/pdfescape.sty
Package: pdfescape 2019/12/09 v1.15 Implements pdfTeX's escape features (HO)

(/nix/store/nz50fza8gfq92ciby0ckc599rah1142m-texlive-2023-env-texmfdist/tex/gen
eric/ltxcmds/ltxcmds.sty
Package: ltxcmds 2023-12-04 v1.26 LaTeX kernel commands for general use (HO)
)
(/nix/store/nz50fza8gfq92ciby0ckc599rah1142m-texlive-2023-env-texmfdist/tex/gen
eric/pdftexcmds/pdftexcmds.sty
Package: pdftexcmds 2020-06-27 v0.33 Utility functions of pdfTeX for LuaTeX (HO
)
Package pdftexcmds Info: \pdf@primitive is available.
Package pdftexcmds Info: \pdf@ifprimitive is available.
Package pdftexcmds Info: \pdfdraftmode found.
))
(/nix/store/nz50fza8gfq92ciby0ckc599rah1142m-texlive-2023-env-texmfdist/tex/lat
ex/hycolor/hycolor.sty
Package: hycolor 2020-01-27 v1.10 Color options for hyperref/bookmark (HO)
)
(/nix/store/nz50fza8gfq92ciby0ckc599rah1142m-texlive-2023-env-texmfdist/tex/lat
ex/letltxmacro/letltxmacro.sty
Package: letltxmacro 2019/12/03 v1.6 Let assignment for LaTeX macros (HO)
)
(/nix/store/nz50fza8gfq92ciby0ckc599rah1142m-texlive-2023-env-texmfdist/tex/lat
ex/auxhook/auxhook.sty
Package: auxhook 2019-12-17 v1.6 Hooks for auxiliary files (HO)
)
(/nix/store/nz50fza8gfq92ciby0ckc599rah1142m-texlive-2023-env-texmfdist/tex/lat
ex/hyperref/nameref.sty
Package: nameref 2023-11-26 v2.56 Cross-referencing by name of section

(/nix/store/nz50fza8gfq92ciby0ckc599rah1142m-texlive-2023-env-texmfdist/tex/lat
ex/refcount/refcount.sty
Package: refcount 2019/12/15 v3.6 Data extraction from label references (HO)
)
(/nix/store/nz50fza8gfq92ciby0ckc599rah1142m-texlive-2023-env-texmfdist/tex/gen
eric/gettitlestring/gettitlestring.sty
Package: gettitlestring 2019/12/15 v1.6 Cleanup title references (HO)

(/nix/store/nz50fza8gfq92ciby0ckc599rah1142m-texlive-2023-env-texmfdist/tex/lat
ex/kvoptions/kvoptions.sty
Package: kvoptions 2022-06-15 v3.15 Key value format for package options (HO)
))
\c@section@level=\count272
)
(/nix/store/nz50fza8gfq92ciby0ckc599rah1142m-texlive-2023-env-texmfdist/tex/lat
ex/etoolbox/etoolbox.sty
Package: etoolbox 2020/10/05 v2.5k e-TeX tools for LaTeX (JAW)
\etb@tempcnta=\count273
)
\@linkdim=\dimen160
\Hy@linkcounter=\count274
\Hy@pagecounter=\count275

(/nix/store/nz50fza8gfq92ciby0ckc599rah1142m-texlive-2023-env-texmfdist/tex/lat
ex/hyperref/pd1enc.def
File: pd1enc.def 2023-11-26 v7.01g Hyperref: PDFDocEncoding definition (HO)
Now handling font encoding PD1 ...
... no UTF-8 mapping file for font encoding PD1
)
(/nix/store/nz50fza8gfq92ciby0ckc599rah1142m-texlive-2023-env-texmfdist/tex/gen
eric/intcalc/intcalc.sty
Package: intcalc 2019/12/15 v1.3 Expandable calculations with integers (HO)
)
\Hy@SavedSpaceFactor=\count276

(/nix/store/nz50fza8gfq92ciby0ckc599rah1142m-texlive-2023-env-texmfdist/tex/lat
ex/hyperref/puenc.def
File: puenc.def 2023-11-26 v7.01g Hyperref: PDF Unicode definition (HO)
Now handling font encoding PU ...
... no UTF-8 mapping file for font encoding PU
)
Package hyperref Info: Option `unicode' set `true' on input line 4064.
Package hyperref Info: Hyper figures OFF on input line 4181.
Package hyperref Info: Link nesting OFF on input line 4186.
Package hyperref Info: Hyper index ON on input line 4189.
Package hyperref Info: Plain pages OFF on input line 4196.
Package hyperref Info: Backreferencing OFF on input line 4201.
Package hyperref Info: Implicit mode ON; LaTeX internals redefined.
Package hyperref Info: Bookmarks ON on input line 4448.
\c@Hy@tempcnt=\count277

(/nix/store/nz50fza8gfq92ciby0ckc599rah1142m-texlive-2023-env-texmfdist/tex/lat
ex/url/url.sty
\Urlmuskip=\muskip16
Package: url 2013/09/16  ver 3.4  Verb mode for urls, etc.
)
LaTeX Info: Redefining \url on input line 4786.
\XeTeXLinkMargin=\dimen161

(/nix/store/nz50fza8gfq92ciby0ckc599rah1142m-texlive-2023-env-texmfdist/tex/gen
eric/bitset/bitset.sty
Package: bitset 2019/12/09 v1.3 Handle bit-vector datatype (HO)

(/nix/store/nz50fza8gfq92ciby0ckc599rah1142m-texlive-2023-env-texmfdist/tex/gen
eric/bigintcalc/bigintcalc.sty
Package: bigintcalc 2019/12/15 v1.5 Expandable calculations on big integers (HO
)
))
\Fld@menulength=\count278
\Field@Width=\dimen162
\Fld@charsize=\dimen163
Package hyperref Info: Hyper figures OFF on input line 6065.
Package hyperref Info: Link nesting OFF on input line 6070.
Package hyperref Info: Hyper index ON on input line 6073.
Package hyperref Info: backreferencing OFF on input line 6080.
Package hyperref Info: Link coloring OFF on input line 6085.
Package hyperref Info: Link coloring with OCG OFF on input line 6090.
Package hyperref Info: PDF/A mode OFF on input line 6095.

(/nix/store/nz50fza8gfq92ciby0ckc599rah1142m-texlive-2023-env-texmfdist/tex/lat
ex/base/atbegshi-ltx.sty
Package: atbegshi-ltx 2021/01/10 v1.0c Emulation of the original atbegshi
package with kernel methods
)
\Hy@abspage=\count279
\c@Item=\count280
\c@Hfootnote=\count281
)
Package hyperref Info: Driver (autodetected): hpdftex.

(/nix/store/nz50fza8gfq92ciby0ckc599rah1142m-texlive-2023-env-texmfdist/tex/lat
ex/hyperref/hpdftex.def
File: hpdftex.def 2023-11-26 v7.01g Hyperref driver for pdfTeX

(/nix/store/nz50fza8gfq92ciby0ckc599rah1142m-texlive-2023-env-texmfdist/tex/lat
ex/base/atveryend-ltx.sty
Package: atveryend-ltx 2020/08/19 v1.0a Emulation of the original atveryend pac
kage
with kernel methods
)
\Fld@listcount=\count282
\c@bookmark@seq@number=\count283

(/nix/store/nz50fza8gfq92ciby0ckc599rah1142m-texlive-2023-env-texmfdist/tex/lat
ex/rerunfilecheck/rerunfilecheck.sty
Package: rerunfilecheck 2022-07-10 v1.10 Rerun checks for auxiliary files (HO)

(/nix/store/nz50fza8gfq92ciby0ckc599rah1142m-texlive-2023-env-texmfdist/tex/gen
eric/uniquecounter/uniquecounter.sty
Package: uniquecounter 2019/12/15 v1.4 Provide unlimited unique counter (HO)
)
Package uniquecounter Info: New unique counter `rerunfilecheck' on input line 2
85.
)
\Hy@SectionHShift=\skip61
)
(/nix/store/nz50fza8gfq92ciby0ckc599rah1142m-texlive-2023-env-texmfdist/tex/lat
ex/tools/array.sty
Package: array 2023/10/16 v2.5g Tabular extension package (FMi)
\col@sep=\dimen164
\ar@mcellbox=\box54
\extrarowheight=\dimen165
\NC@list=\toks23
\extratabsurround=\skip62
\backup@length=\skip63
\ar@cellbox=\box55
)
(/nix/store/nz50fza8gfq92ciby0ckc599rah1142m-texlive-2023-env-texmfdist/tex/lat
ex/graphics/color.sty
Package: color 2022/01/06 v1.3d Standard LaTeX Color (DPC)

(/nix/store/nz50fza8gfq92ciby0ckc599rah1142m-texlive-2023-env-texmfdist/tex/lat
ex/graphics-cfg/color.cfg
File: color.cfg 2016/01/02 v1.6 sample color configuration
)
Package color Info: Driver file: pdftex.def on input line 149.

(/nix/store/nz50fza8gfq92ciby0ckc599rah1142m-texlive-2023-env-texmfdist/tex/lat
ex/graphics/mathcolor.ltx))
(/nix/store/nz50fza8gfq92ciby0ckc599rah1142m-texlive-2023-env-texmfdist/tex/lat
ex/base/textcomp.sty
Package: textcomp 2020/02/02 v2.0n Standard LaTeX package
)
(/nix/store/nz50fza8gfq92ciby0ckc599rah1142m-texlive-2023-env-texmfdist/tex/lat
ex/lastpage/lastpage.sty
Package: lastpage 2023/10/14 v2.0e lastpage: 2.09 or 2e? (HMM)

(/nix/store/nz50fza8gfq92ciby0ckc599rah1142m-texlive-2023-env-texmfdist/tex/lat
ex/lastpage/lastpage2e.sty
Package: lastpage2e 2023/10/14 v2.0e Decide which 2e lastpage version to use (H
MM)

(/nix/store/nz50fza8gfq92ciby0ckc599rah1142m-texlive-2023-env-texmfdist/tex/lat
ex/lastpage/lastpagemodern.sty
Package: lastpagemodern 2023-10-14 v2.0e Refers to last page's name (HMM; JPG)
\c@lastpagecount=\count284
) 
))
(/nix/store/nz50fza8gfq92ciby0ckc599rah1142m-texlive-2023-env-texmfdist/tex/lat
ex/tools/longtable.sty
Package: longtable 2023-11-01 v4.19 Multi-page Table package (DPC)
\LTleft=\skip64
\LTright=\skip65
\LTpre=\skip66
\LTpost=\skip67
\LTchunksize=\count285
\LTcapwidth=\dimen166
\LT@head=\box56
\LT@firsthead=\box57
\LT@foot=\box58
\LT@lastfoot=\box59
\LT@gbox=\box60
\LT@cols=\count286
\LT@rows=\count287
\c@LT@tables=\count288
\c@LT@chunks=\count289
\LT@p@ftn=\toks24
)
(/nix/store/nz50fza8gfq92ciby0ckc599rah1142m-texlive-2023-env-texmfdist/tex/lat
ex/multirow/multirow.sty
Package: multirow 2021/03/15 v2.8 Span multiple rows of a table
\multirow@colwidth=\skip68
\multirow@cntb=\count290
\multirow@dima=\skip69
\bigstrutjot=\dimen167
)
(/nix/store/nz50fza8gfq92ciby0ckc599rah1142m-texlive-2023-env-texmfdist/tex/lat
ex/tools/indentfirst.sty
Package: indentfirst 2023/07/02 v1.03 Indent first paragraph (DPC)
)
(/nix/store/nz50fza8gfq92ciby0ckc599rah1142m-texlive-2023-env-texmfdist/tex/lat
ex/enumitem/enumitem.sty
Package: enumitem 2019/06/20 v3.9 Customized lists
\labelindent=\skip70
\enit@outerparindent=\dimen168
\enit@toks=\toks25
\enit@inbox=\box61
\enit@count@id=\count291
\enitdp@description=\count292
)
(/nix/store/nz50fza8gfq92ciby0ckc599rah1142m-texlive-2023-env-texmfdist/tex/lat
ex/tocloft/tocloft.sty
Package: tocloft 2017/08/31 v2.3i parameterised ToC, etc., typesetting
Package tocloft Info: The document has section divisions on input line 51.
\cftparskip=\skip71
\cftbeforetoctitleskip=\skip72
\cftaftertoctitleskip=\skip73
\cftbeforepartskip=\skip74
\cftpartnumwidth=\skip75
\cftpartindent=\skip76
\cftbeforesecskip=\skip77
\cftsecindent=\skip78
\cftsecnumwidth=\skip79
\cftbeforesubsecskip=\skip80
\cftsubsecindent=\skip81
\cftsubsecnumwidth=\skip82
\cftbeforesubsubsecskip=\skip83
\cftsubsubsecindent=\skip84
\cftsubsubsecnumwidth=\skip85
\cftbeforeparaskip=\skip86
\cftparaindent=\skip87
\cftparanumwidth=\skip88
\cftbeforesubparaskip=\skip89
\cftsubparaindent=\skip90
\cftsubparanumwidth=\skip91
\cftbeforeloftitleskip=\skip92
\cftafterloftitleskip=\skip93
\cftbeforefigskip=\skip94
\cftfigindent=\skip95
\cftfignumwidth=\skip96
\c@lofdepth=\count293
\c@lotdepth=\count294
\cftbeforelottitleskip=\skip97
\cftafterlottitleskip=\skip98
\cftbeforetabskip=\skip99
\cfttabindent=\skip100
\cfttabnumwidth=\skip101
)
(/nix/store/nz50fza8gfq92ciby0ckc599rah1142m-texlive-2023-env-texmfdist/tex/lat
ex/caption/caption.sty
Package: caption 2023/08/05 v3.6o Customizing captions (AR)

(/nix/store/nz50fza8gfq92ciby0ckc599rah1142m-texlive-2023-env-texmfdist/tex/lat
ex/caption/caption3.sty
Package: caption3 2023/07/31 v2.4d caption3 kernel (AR)
\caption@tempdima=\dimen169
\captionmargin=\dimen170
\caption@leftmargin=\dimen171
\caption@rightmargin=\dimen172
\caption@width=\dimen173
\caption@indent=\dimen174
\caption@parindent=\dimen175
\caption@hangindent=\dimen176
Package caption Info: Standard document class detected.
)
\c@caption@flags=\count295
\c@continuedfloat=\count296
Package caption Info: hyperref package is loaded.
Package caption Info: listings package is loaded.
Package caption Info: longtable package is loaded.

(/nix/store/nz50fza8gfq92ciby0ckc599rah1142m-texlive-2023-env-texmfdist/tex/lat
ex/caption/ltcaption.sty
Package: ltcaption 2021/01/08 v1.4c longtable captions (AR)
))
(/nix/store/nz50fza8gfq92ciby0ckc599rah1142m-texlive-2023-env-texmfdist/tex/gen
eric/oberdiek/iflang.sty
Package: iflang 2018/01/21 v1.7 Checks for the current language (HO)
Package iflang Info: Naming convention for patterns: babel.
)
(/nix/store/nz50fza8gfq92ciby0ckc599rah1142m-texlive-2023-env-texmfdist/tex/lat
ex/makecell/makecell.sty
Package: makecell 2009/08/03 V0.1e Managing of Tab Column Heads and Cells
\rotheadsize=\dimen177
\c@nlinenum=\count297
\TeXr@lab=\toks26
)
   defining Unicode char U+306 (decimal 774)

(/nix/store/nz50fza8gfq92ciby0ckc599rah1142m-texlive-2023-env-texmfdist/tex/gen
eric/babel/babel.sty
Package: babel 2024/01/07 v24.1 The Babel package
\babel@savecnt=\count298
\U@D=\dimen178
\l@unhyphenated=\language89

(/nix/store/nz50fza8gfq92ciby0ckc599rah1142m-texlive-2023-env-texmfdist/tex/gen
eric/babel/txtbabel.def)
\bbl@readstream=\read2
\bbl@dirlevel=\count299
Package babel Info: Main language set with 'main='. Except if you have
(babel)             problems, prefer the default mechanism for setting
(babel)             the main language, ie, as the last declared.
(babel)             Reported on input line 4250.

(/nix/store/nz50fza8gfq92ciby0ckc599rah1142m-texlive-2023-env-texmfdist/tex/gen
eric/babel-english/english.ldf
Language: english 2017/06/06 v3.3r English support from the babel system
Package babel Info: Hyphen rules for 'canadian' set to \l@english
(babel)             (\language0). Reported on input line 102.
Package babel Info: Hyphen rules for 'australian' set to \l@ukenglish
(babel)             (\language23). Reported on input line 105.
Package babel Info: Hyphen rules for 'newzealand' set to \l@ukenglish
(babel)             (\language23). Reported on input line 108.
)
(/nix/store/nz50fza8gfq92ciby0ckc599rah1142m-texlive-2023-env-texmfdist/tex/gen
eric/babel-english/english.ldf
Language: english 2017/06/06 v3.3r English support from the babel system
)
(/nix/store/nz50fza8gfq92ciby0ckc599rah1142m-texlive-2023-env-texmfdist/tex/gen
eric/babel-russian/russianb.ldf
File: russianb.ldf 2021/01/10 1.3m Russian support for the Babel system
Language: russian 2020/09/09 1.3k Russian support for the Babel system
Package babel Info: Making " an active character on input line 124.
Package babel Info: Default for \cyrdash is provided on input line 163.
))
(/nix/store/nz50fza8gfq92ciby0ckc599rah1142m-texlive-2023-env-texmfdist/tex/gen
eric/babel/locale/ru/babel-russian.tex
Package babel Info: Importing font and identification data for russian
(babel)             from babel-ru.ini. Reported on input line 11.
)
(/nix/store/nz50fza8gfq92ciby0ckc599rah1142m-texlive-2023-env-texmfdist/tex/gen
eric/babel/locale/en/babel-english.tex
Package babel Info: Importing font and identification data for english
(babel)             from babel-en.ini. Reported on input line 11.
)
Package hyperref Info: Option `colorlinks' set `true' on input line 74.
Package hyperref Info: Option `unicode' set `true' on input line 74.
\c@@tempSection=\count300
)
(/nix/store/nz50fza8gfq92ciby0ckc599rah1142m-texlive-2023-env-texmfdist/tex/lat
ex/l3backend/l3backend-pdftex.def
File: l3backend-pdftex.def 2024-01-04 L3 backend support: PDF output (pdfTeX)
\l__color_backend_stack_int=\count301
\l__pdf_internal_box=\box62
) (./tz.aux)
\openout1 = `tz.aux'.

LaTeX Font Info:    Checking defaults for OML/cmm/m/it on input line 19.
LaTeX Font Info:    ... okay on input line 19.
LaTeX Font Info:    Checking defaults for OMS/cmsy/m/n on input line 19.
LaTeX Font Info:    ... okay on input line 19.
LaTeX Font Info:    Checking defaults for OT1/cmr/m/n on input line 19.
LaTeX Font Info:    ... okay on input line 19.
LaTeX Font Info:    Checking defaults for T1/cmr/m/n on input line 19.
LaTeX Font Info:    ... okay on input line 19.
LaTeX Font Info:    Checking defaults for TS1/cmr/m/n on input line 19.
LaTeX Font Info:    ... okay on input line 19.
LaTeX Font Info:    Checking defaults for OMX/cmex/m/n on input line 19.
LaTeX Font Info:    ... okay on input line 19.
LaTeX Font Info:    Checking defaults for U/cmr/m/n on input line 19.
LaTeX Font Info:    ... okay on input line 19.
LaTeX Font Info:    Checking defaults for T2A/cmr/m/n on input line 19.
LaTeX Font Info:    ... okay on input line 19.
LaTeX Font Info:    Checking defaults for PD1/pdf/m/n on input line 19.
LaTeX Font Info:    ... okay on input line 19.
LaTeX Font Info:    Checking defaults for PU/pdf/m/n on input line 19.
LaTeX Font Info:    ... okay on input line 19.

*geometry* driver: auto-detecting
*geometry* detected driver: pdftex
*geometry* verbose mode - [ preamble ] result:
* driver: pdftex
* paper: <default>
* layout: <same size as paper>
* layoutoffset:(h,v)=(0.0pt,0.0pt)
* modes: 
* h-part:(L,W,R)=(56.9055pt, 512.14963pt, 28.45274pt)
* v-part:(T,H,B)=(71.13188pt, 702.78308pt, 71.13188pt)
* \paperwidth=597.50787pt
* \paperheight=845.04684pt
* \textwidth=512.14963pt
* \textheight=702.78308pt
* \oddsidemargin=-15.36449pt
* \evensidemargin=-15.36449pt
* \topmargin=-97.26999pt
* \headheight=71.13188pt
* \headsep=25.0pt
* \topskip=12.0pt
* \footskip=30.0pt
* \marginparwidth=35.0pt
* \marginparsep=10.0pt
* \columnsep=10.0pt
* \skip\footins=10.8pt plus 4.0pt minus 2.0pt
* \hoffset=0.0pt
* \voffset=0.0pt
* \mag=1000
* \@twocolumnfalse
* \@twosidefalse
* \@mparswitchfalse
* \@reversemarginfalse
* (1in=72.27pt=25.4mm, 1cm=28.453pt)

\c@lstlisting=\count302

(/nix/store/nz50fza8gfq92ciby0ckc599rah1142m-texlive-2023-env-texmfdist/tex/con
text/base/mkii/supp-pdf.mkii
[Loading MPS to PDF converter (version 2006.09.02).]
\scratchcounter=\count303
\scratchdimen=\dimen179
\scratchbox=\box63
\nofMPsegments=\count304
\nofMParguments=\count305
\everyMPshowfont=\toks27
\MPscratchCnt=\count306
\MPscratchDim=\dimen180
\MPnumerator=\count307
\makeMPintoPDFobject=\count308
\everyMPtoPDFconversion=\toks28
)
(/nix/store/nz50fza8gfq92ciby0ckc599rah1142m-texlive-2023-env-texmfdist/tex/lat
ex/epstopdf-pkg/epstopdf-base.sty
Package: epstopdf-base 2020-01-24 v2.11 Base part for package epstopdf

(/nix/store/nz50fza8gfq92ciby0ckc599rah1142m-texlive-2023-env-texmfdist/tex/lat
ex/grfext/grfext.sty
Package: grfext 2019/12/03 v1.3 Manage graphics extensions (HO)
)
Package epstopdf-base Info: Redefining graphics rule for `.eps' on input line 4
85.
Package grfext Info: Graphics extension search list:
(grfext)             [.pdf,.png,.jpg,.mps,.jpeg,.jbig2,.jb2,.PDF,.PNG,.JPG,.JPE
G,.JBIG2,.JB2,.eps]
(grfext)             \AppendGraphicsExtensions on input line 504.

(/nix/store/nz50fza8gfq92ciby0ckc599rah1142m-texlive-2023-env-texmfdist/tex/lat
ex/latexconfig/epstopdf-sys.cfg
File: epstopdf-sys.cfg 2010/07/13 v1.3 Configuration of (r)epstopdf for TeX Liv
e
))
Package hyperref Info: Link coloring ON on input line 19.
 (./tz.out) (./tz.out)
\@outlinefile=\write3
\openout3 = `tz.out'.

Package caption Info: Begin \AtBeginDocument code.
Package caption Info: End \AtBeginDocument code.
LaTeX Info: Redefining \th on input line 19.
LaTeX Font Info:    External font `cmex10' loaded for size
(Font)              <12> on input line 20.
LaTeX Font Info:    External font `cmex10' loaded for size
(Font)              <8> on input line 20.
LaTeX Font Info:    External font `cmex10' loaded for size
(Font)              <6> on input line 20.

Overfull \hbox (9.04333pt too wide) in paragraph at lines 20--20
[][] 
 []

[1


{/nix/store/hfkwzpp8p368qic8pzq7hjyzjnmiaha0-texlive-2023-env/share/texmf-var/f
onts/map/pdftex/updmap/pdftex.map}{/nix/store/nz50fza8gfq92ciby0ckc599rah1142m-
texlive-2023-env-texmfdist/fonts/enc/dvips/cm-super/cm-super-t2a.enc}]
Overfull \hbox (9.04333pt too wide) in paragraph at lines 20--20
[][] 
 []


LaTeX Warning: Marginpar on page 2 moved.

[2] (./tz.toc
LaTeX Font Info:    External font `cmex10' loaded for size
(Font)              <7> on input line 42.
LaTeX Font Info:    External font `cmex10' loaded for size
(Font)              <5> on input line 42.

pdfTeX warning (ext4): destination with the same identifier (name{page.2}) has 
been already used, duplicate ignored
<to be read again> 
                   \relax 
l.42 ... РРЎРўРћР§РќРРљРћР’}{16}{subsection.8.2}
                                                  % [2])
\tf@toc=\write4
\openout4 = `tz.toc'.


(./includes/annotation.tex [3]) [4

] (./includes/intro.tex) [5


]
(./includes/basement.tex) [6


] (./includes/purpose.tex) [7


]
(./includes/functions.tex (./includes/program_requirements/functionality.tex
[8


]) (./includes/program_requirements/durability.tex) (./includes/interface.tex [
9]) (./includes/program_requirements/exploitation.tex) [10]
Overfull \hbox (6.26349pt too wide) in paragraph at lines 34--35
[]\T2A/cmr/m/n/12 Исходный код про-грам-мы дол-жен быть рас-по-ло-жен на веб-хо
стинге для IT про-ек-тов ``GitHub''. 
 []

) [11] (./includes/docs.tex) [12


] (./includes/economics.tex) [13


{/nix/store/nz50fza8gfq92ciby0ckc599rah1142m-texlive-2023-env-texmfdist/fonts/e
nc/dvips/cm-super/cm-super-ts1.enc}] (./includes/stages.tex
Overfull \vbox (14.49998pt too high) detected at line 10
 []

) [14


] (./includes/acceptance_rules.tex) [15


] [16


]
Underfull \hbox (badness 6910) in paragraph at lines 83--83
[]|\T2A/cmr/m/n/12 ќ доку-
 []


Underfull \hbox (badness 10000) in paragraph at lines 83--83
[]|\T2A/cmr/m/n/12 Входящий
 []


Underfull \hbox (badness 10000) in paragraph at lines 83--83
[]|\T2A/cmr/m/n/12 Под-
 []


Overfull \hbox (0.81783pt too wide) in paragraph at lines 83--83
[]|\T2A/cmr/m/n/12 Дата| 
 []


Underfull \hbox (badness 10000) in paragraph at lines 83--83
[]|\T2A/cmr/m/n/12 из-
 []


Underfull \hbox (badness 10000) in paragraph at lines 83--83
\T2A/cmr/m/n/12 ме-
 []


Overfull \hbox (1.7065pt too wide) in paragraph at lines 83--83
\T2A/cmr/m/n/12 нен-
 []


Overfull \hbox (0.72754pt too wide) in paragraph at lines 83--83
\T2A/cmr/m/n/12 ных| 
 []


Underfull \hbox (badness 10000) in paragraph at lines 83--83
[]|\T2A/cmr/m/n/12 заме-
 []


Underfull \hbox (badness 10000) in paragraph at lines 83--83
\T2A/cmr/m/n/12 нен-
 []


Underfull \hbox (badness 10000) in paragraph at lines 83--83
[]|\T2A/cmr/m/n/12 но-
 []


Underfull \hbox (badness 10000) in paragraph at lines 83--83
[]|\T2A/cmr/m/n/12 анну-
 []


Underfull \hbox (badness 10000) in paragraph at lines 83--83
\T2A/cmr/m/n/12 лиро-
 []


Underfull \hbox (badness 10000) in paragraph at lines 83--83
\T2A/cmr/m/n/12 ван-
 []

[17


] 
enddocument/afterlastpage: lastpage setting LastPage.
(./tz.aux)
 ***********
LaTeX2e <2023-11-01>
L3 programming layer <2024-01-04>
 ***********


LaTeX Warning: Label(s) may have changed. Rerun to get cross-references right.

Package rerunfilecheck Info: File `tz.out' has not changed.
(rerunfilecheck)             Checksum: 5CE4BEA9FD25AC0114F36C4A074CBA3A;13330.
 ) 
Here is how much of TeX's memory you used:
 15981 strings out of 474166
 263350 string characters out of 5727372
 1956525 words of memory out of 5000000
 37930 multiletter control sequences out of 15000+600000
 572506 words of font info for 60 fonts, out of 8000000 for 9000
 1141 hyphenation exceptions out of 8191
 90i,18n,93p,1004b,611s stack positions out of 10000i,1000n,20000p,200000b,200000s
</nix/store/nz50fza8gfq92ciby0ckc599rah1142m-texlive-2023-env-texmfdist/fonts
/type1/public/cm-super/sfbx1200.pfb></nix/store/nz50fza8gfq92ciby0ckc599rah1142
m-texlive-2023-env-texmfdist/fonts/type1/public/cm-super/sfbx1440.pfb></nix/sto
re/nz50fza8gfq92ciby0ckc599rah1142m-texlive-2023-env-texmfdist/fonts/type1/publ
ic/cm-super/sfbx1728.pfb></nix/store/nz50fza8gfq92ciby0ckc599rah1142m-texlive-2
023-env-texmfdist/fonts/type1/public/cm-super/sfrm1000.pfb></nix/store/nz50fza8
gfq92ciby0ckc599rah1142m-texlive-2023-env-texmfdist/fonts/type1/public/cm-super
/sfrm1200.pfb></nix/store/nz50fza8gfq92ciby0ckc599rah1142m-texlive-2023-env-tex
mfdist/fonts/type1/public/cm-super/sfsl1200.pfb></nix/store/nz50fza8gfq92ciby0c
kc599rah1142m-texlive-2023-env-texmfdist/fonts/type1/public/cm-super/sfti1200.p
fb></nix/store/nz50fza8gfq92ciby0ckc599rah1142m-texlive-2023-env-texmfdist/font
s/type1/public/cm-super/sfxc1200.pfb></nix/store/nz50fza8gfq92ciby0ckc599rah114
2m-texlive-2023-env-texmfdist/fonts/type1/public/cm-super/sfxc2074.pfb>
Output written on tz.pdf (18 pages, 213368 bytes).
PDF statistics:
 404 PDF objects out of 1000 (max. 8388607)
 361 compressed objects within 4 object streams
 96 named destinations out of 1000 (max. 500000)
 337 words of extra memory for PDF output out of 10000 (max. 10000000)

